Analysis & Synthesis report for Homework
Tue Mar 28 10:35:08 2023
Quartus II 64-Bit Version 13.0.1 Build 232 06/12/2013 Service Pack 1 SJ Full Version


---------------------
; Table of Contents ;
---------------------
  1. Legal Notice
  2. Analysis & Synthesis Summary
  3. Analysis & Synthesis Settings
  4. Parallel Compilation
  5. Analysis & Synthesis Source Files Read
  6. Analysis & Synthesis Resource Usage Summary
  7. Analysis & Synthesis Resource Utilization by Entity
  8. Registers Removed During Synthesis
  9. General Register Statistics
 10. Inverted Register Statistics
 11. Elapsed Time Per Partition
 12. Analysis & Synthesis Messages
 13. Analysis & Synthesis Suppressed Messages



----------------
; Legal Notice ;
----------------
Copyright (C) 1991-2013 Altera Corporation
Your use of Altera Corporation's design tools, logic functions 
and other software and tools, and its AMPP partner logic 
functions, and any output files from any of the foregoing 
(including device programming or simulation files), and any 
associated documentation or information are expressly subject 
to the terms and conditions of the Altera Program License 
Subscription Agreement, Altera MegaCore Function License 
Agreement, or other applicable license agreement, including, 
without limitation, that your use is for the sole purpose of 
programming logic devices manufactured by Altera and sold by 
Altera or its authorized distributors.  Please refer to the 
applicable agreement for further details.



+---------------------------------------------------------------------------------------+
; Analysis & Synthesis Summary                                                          ;
+------------------------------------+--------------------------------------------------+
; Analysis & Synthesis Status        ; Successful - Tue Mar 28 10:35:08 2023            ;
; Quartus II 64-Bit Version          ; 13.0.1 Build 232 06/12/2013 SP 1 SJ Full Version ;
; Revision Name                      ; Homework                                         ;
; Top-level Entity Name              ; main                                             ;
; Family                             ; Cyclone IV E                                     ;
; Total logic elements               ; 10                                               ;
;     Total combinational functions  ; 10                                               ;
;     Dedicated logic registers      ; 4                                                ;
; Total registers                    ; 4                                                ;
; Total pins                         ; 13                                               ;
; Total virtual pins                 ; 0                                                ;
; Total memory bits                  ; 0                                                ;
; Embedded Multiplier 9-bit elements ; 0                                                ;
; Total PLLs                         ; 0                                                ;
+------------------------------------+--------------------------------------------------+


+----------------------------------------------------------------------------------------------------------------------+
; Analysis & Synthesis Settings                                                                                        ;
+----------------------------------------------------------------------------+--------------------+--------------------+
; Option                                                                     ; Setting            ; Default Value      ;
+----------------------------------------------------------------------------+--------------------+--------------------+
; Device                                                                     ; EP4CE6F17C8        ;                    ;
; Top-level entity name                                                      ; main               ; Homework           ;
; Family name                                                                ; Cyclone IV E       ; Cyclone IV GX      ;
; Use smart compilation                                                      ; Off                ; Off                ;
; Enable parallel Assembler and TimeQuest Timing Analyzer during compilation ; On                 ; On                 ;
; Enable compact report table                                                ; Off                ; Off                ;
; Restructure Multiplexers                                                   ; Auto               ; Auto               ;
; Create Debugging Nodes for IP Cores                                        ; Off                ; Off                ;
; Preserve fewer node names                                                  ; On                 ; On                 ;
; Disable OpenCore Plus hardware evaluation                                  ; Off                ; Off                ;
; Verilog Version                                                            ; Verilog_2001       ; Verilog_2001       ;
; VHDL Version                                                               ; VHDL_1993          ; VHDL_1993          ;
; State Machine Processing                                                   ; Auto               ; Auto               ;
; Safe State Machine                                                         ; Off                ; Off                ;
; Extract Verilog State Machines                                             ; On                 ; On                 ;
; Extract VHDL State Machines                                                ; On                 ; On                 ;
; Ignore Verilog initial constructs                                          ; Off                ; Off                ;
; Iteration limit for constant Verilog loops                                 ; 5000               ; 5000               ;
; Iteration limit for non-constant Verilog loops                             ; 250                ; 250                ;
; Add Pass-Through Logic to Inferred RAMs                                    ; On                 ; On                 ;
; Infer RAMs from Raw Logic                                                  ; On                 ; On                 ;
; Parallel Synthesis                                                         ; On                 ; On                 ;
; DSP Block Balancing                                                        ; Auto               ; Auto               ;
; NOT Gate Push-Back                                                         ; On                 ; On                 ;
; Power-Up Don't Care                                                        ; On                 ; On                 ;
; Remove Redundant Logic Cells                                               ; Off                ; Off                ;
; Remove Duplicate Registers                                                 ; On                 ; On                 ;
; Ignore CARRY Buffers                                                       ; Off                ; Off                ;
; Ignore CASCADE Buffers                                                     ; Off                ; Off                ;
; Ignore GLOBAL Buffers                                                      ; Off                ; Off                ;
; Ignore ROW GLOBAL Buffers                                                  ; Off                ; Off                ;
; Ignore LCELL Buffers                                                       ; Off                ; Off                ;
; Ignore SOFT Buffers                                                        ; On                 ; On                 ;
; Limit AHDL Integers to 32 Bits                                             ; Off                ; Off                ;
; Optimization Technique                                                     ; Balanced           ; Balanced           ;
; Carry Chain Length                                                         ; 70                 ; 70                 ;
; Auto Carry Chains                                                          ; On                 ; On                 ;
; Auto Open-Drain Pins                                                       ; On                 ; On                 ;
; Perform WYSIWYG Primitive Resynthesis                                      ; Off                ; Off                ;
; Auto ROM Replacement                                                       ; On                 ; On                 ;
; Auto RAM Replacement                                                       ; On                 ; On                 ;
; Auto DSP Block Replacement                                                 ; On                 ; On                 ;
; Auto Shift Register Replacement                                            ; Auto               ; Auto               ;
; Allow Shift Register Merging across Hierarchies                            ; Auto               ; Auto               ;
; Auto Clock Enable Replacement                                              ; On                 ; On                 ;
; Strict RAM Replacement                                                     ; Off                ; Off                ;
; Allow Synchronous Control Signals                                          ; On                 ; On                 ;
; Force Use of Synchronous Clear Signals                                     ; Off                ; Off                ;
; Auto RAM Block Balancing                                                   ; On                 ; On                 ;
; Auto RAM to Logic Cell Conversion                                          ; Off                ; Off                ;
; Auto Resource Sharing                                                      ; Off                ; Off                ;
; Allow Any RAM Size For Recognition                                         ; Off                ; Off                ;
; Allow Any ROM Size For Recognition                                         ; Off                ; Off                ;
; Allow Any Shift Register Size For Recognition                              ; Off                ; Off                ;
; Use LogicLock Constraints during Resource Balancing                        ; On                 ; On                 ;
; Ignore translate_off and synthesis_off directives                          ; Off                ; Off                ;
; Timing-Driven Synthesis                                                    ; On                 ; On                 ;
; Report Parameter Settings                                                  ; On                 ; On                 ;
; Report Source Assignments                                                  ; On                 ; On                 ;
; Report Connectivity Checks                                                 ; On                 ; On                 ;
; Ignore Maximum Fan-Out Assignments                                         ; Off                ; Off                ;
; Synchronization Register Chain Length                                      ; 2                  ; 2                  ;
; PowerPlay Power Optimization                                               ; Normal compilation ; Normal compilation ;
; HDL message level                                                          ; Level2             ; Level2             ;
; Suppress Register Optimization Related Messages                            ; Off                ; Off                ;
; Number of Removed Registers Reported in Synthesis Report                   ; 5000               ; 5000               ;
; Number of Swept Nodes Reported in Synthesis Report                         ; 5000               ; 5000               ;
; Number of Inverted Registers Reported in Synthesis Report                  ; 100                ; 100                ;
; Clock MUX Protection                                                       ; On                 ; On                 ;
; Auto Gated Clock Conversion                                                ; Off                ; Off                ;
; Block Design Naming                                                        ; Auto               ; Auto               ;
; SDC constraint protection                                                  ; Off                ; Off                ;
; Synthesis Effort                                                           ; Auto               ; Auto               ;
; Shift Register Replacement - Allow Asynchronous Clear Signal               ; On                 ; On                 ;
; Pre-Mapping Resynthesis Optimization                                       ; Off                ; Off                ;
; Analysis & Synthesis Message Level                                         ; Medium             ; Medium             ;
; Disable Register Merging Across Hierarchies                                ; Auto               ; Auto               ;
; Resource Aware Inference For Block RAM                                     ; On                 ; On                 ;
; Synthesis Seed                                                             ; 1                  ; 1                  ;
+----------------------------------------------------------------------------+--------------------+--------------------+


+------------------------------------------+
; Parallel Compilation                     ;
+----------------------------+-------------+
; Processors                 ; Number      ;
+----------------------------+-------------+
; Number detected on machine ; 4           ;
; Maximum allowed            ; 4           ;
;                            ;             ;
; Average used               ; 1.00        ;
; Maximum used               ; 2           ;
;                            ;             ;
; Usage by Processor         ; % Time Used ;
;     Processor 1            ; 100.0%      ;
;     Processor 2            ; < 0.1%      ;
;     Processors 3-4         ;   0.0%      ;
+----------------------------+-------------+


+-----------------------------------------------------------------------------------------------------------------------------------------------------+
; Analysis & Synthesis Source Files Read                                                                                                              ;
+----------------------------------+-----------------+------------------------------------+-------------------------------------------------+---------+
; File Name with User-Entered Path ; Used in Netlist ; File Type                          ; File Name with Absolute Path                    ; Library ;
+----------------------------------+-----------------+------------------------------------+-------------------------------------------------+---------+
; main.bdf                         ; yes             ; User Block Diagram/Schematic File  ; D:/altera/13.0sp1/Homework/main.bdf             ;         ;
; y_a.bdf                          ; yes             ; User Block Diagram/Schematic File  ; D:/altera/13.0sp1/Homework/y_a.bdf              ;         ;
; y_b.bdf                          ; yes             ; User Block Diagram/Schematic File  ; D:/altera/13.0sp1/Homework/y_b.bdf              ;         ;
; y_c.bdf                          ; yes             ; User Block Diagram/Schematic File  ; D:/altera/13.0sp1/Homework/y_c.bdf              ;         ;
; y_d.bdf                          ; yes             ; User Block Diagram/Schematic File  ; D:/altera/13.0sp1/Homework/y_d.bdf              ;         ;
; y_e.bdf                          ; yes             ; User Block Diagram/Schematic File  ; D:/altera/13.0sp1/Homework/y_e.bdf              ;         ;
; y_f.bdf                          ; yes             ; User Block Diagram/Schematic File  ; D:/altera/13.0sp1/Homework/y_f.bdf              ;         ;
; y_g.bdf                          ; yes             ; User Block Diagram/Schematic File  ; D:/altera/13.0sp1/Homework/y_g.bdf              ;         ;
; BCD.bdf                          ; yes             ; User Block Diagram/Schematic File  ; D:/altera/13.0sp1/Homework/BCD.bdf              ;         ;
; Freq_divider.v                   ; yes             ; User Verilog HDL File              ; D:/altera/13.0sp1/Homework/Freq_divider.v       ;         ;
; Code_converter.bdf               ; yes             ; User Block Diagram/Schematic File  ; D:/altera/13.0sp1/Homework/Code_converter.bdf   ;         ;
; Subtractor_verilog.v             ; yes             ; User Verilog HDL File              ; D:/altera/13.0sp1/Homework/Subtractor_verilog.v ;         ;
; Subtractor.bdf                   ; yes             ; User Block Diagram/Schematic File  ; D:/altera/13.0sp1/Homework/Subtractor.bdf       ;         ;
+----------------------------------+-----------------+------------------------------------+-------------------------------------------------+---------+


+------------------------------------------------------------------------------------------+
; Analysis & Synthesis Resource Usage Summary                                              ;
+---------------------------------------------+--------------------------------------------+
; Resource                                    ; Usage                                      ;
+---------------------------------------------+--------------------------------------------+
; Estimated Total logic elements              ; 10                                         ;
;                                             ;                                            ;
; Total combinational functions               ; 10                                         ;
; Logic element usage by number of LUT inputs ;                                            ;
;     -- 4 input functions                    ; 0                                          ;
;     -- 3 input functions                    ; 7                                          ;
;     -- <=2 input functions                  ; 3                                          ;
;                                             ;                                            ;
; Logic elements by mode                      ;                                            ;
;     -- normal mode                          ; 10                                         ;
;     -- arithmetic mode                      ; 0                                          ;
;                                             ;                                            ;
; Total registers                             ; 4                                          ;
;     -- Dedicated logic registers            ; 4                                          ;
;     -- I/O registers                        ; 0                                          ;
;                                             ;                                            ;
; I/O pins                                    ; 13                                         ;
; Embedded Multiplier 9-bit elements          ; 0                                          ;
; Maximum fan-out node                        ; Subtractor:inst|subtractor_v:inst|count[0] ;
; Maximum fan-out                             ; 10                                         ;
; Total fan-out                               ; 56                                         ;
; Average fan-out                             ; 1.40                                       ;
+---------------------------------------------+--------------------------------------------+


+-------------------------------------------------------------------------------------------------------------------------------------------------------------------------------------------------+
; Analysis & Synthesis Resource Utilization by Entity                                                                                                                                             ;
+----------------------------+-------------------+--------------+-------------+--------------+---------+-----------+------+--------------+-----------------------------------------+--------------+
; Compilation Hierarchy Node ; LC Combinationals ; LC Registers ; Memory Bits ; DSP Elements ; DSP 9x9 ; DSP 18x18 ; Pins ; Virtual Pins ; Full Hierarchy Name                     ; Library Name ;
+----------------------------+-------------------+--------------+-------------+--------------+---------+-----------+------+--------------+-----------------------------------------+--------------+
; |main                      ; 10 (0)            ; 4 (0)        ; 0           ; 0            ; 0       ; 0         ; 13   ; 0            ; |main                                   ; work         ;
;    |BCD:inst13|            ; 4 (0)             ; 0 (0)        ; 0           ; 0            ; 0       ; 0         ; 0    ; 0            ; |main|BCD:inst13                        ; work         ;
;       |y_a:inst|           ; 2 (2)             ; 0 (0)        ; 0           ; 0            ; 0       ; 0         ; 0    ; 0            ; |main|BCD:inst13|y_a:inst               ; work         ;
;       |y_b:inst1|          ; 1 (1)             ; 0 (0)        ; 0           ; 0            ; 0       ; 0         ; 0    ; 0            ; |main|BCD:inst13|y_b:inst1              ; work         ;
;       |y_g:inst6|          ; 1 (1)             ; 0 (0)        ; 0           ; 0            ; 0       ; 0         ; 0    ; 0            ; |main|BCD:inst13|y_g:inst6              ; work         ;
;    |Code_converter:inst1|  ; 1 (1)             ; 0 (0)        ; 0           ; 0            ; 0       ; 0         ; 0    ; 0            ; |main|Code_converter:inst1              ; work         ;
;    |Freq_divider:inst4|    ; 1 (1)             ; 1 (1)        ; 0           ; 0            ; 0       ; 0         ; 0    ; 0            ; |main|Freq_divider:inst4                ; work         ;
;    |Subtractor:inst|       ; 4 (0)             ; 3 (0)        ; 0           ; 0            ; 0       ; 0         ; 0    ; 0            ; |main|Subtractor:inst                   ; work         ;
;       |subtractor_v:inst|  ; 4 (4)             ; 3 (3)        ; 0           ; 0            ; 0       ; 0         ; 0    ; 0            ; |main|Subtractor:inst|subtractor_v:inst ; work         ;
+----------------------------+-------------------+--------------+-------------+--------------+---------+-----------+------+--------------+-----------------------------------------+--------------+
Note: For table entries with two numbers listed, the numbers in parentheses indicate the number of resources of the given type used by the specific entity alone. The numbers listed outside of parentheses indicate the total resources of the given type used by the specific entity and all of its sub-entities in the hierarchy.


+-------------------------------------------------------------+
; Registers Removed During Synthesis                          ;
+----------------------------------------+--------------------+
; Register name                          ; Reason for Removal ;
+----------------------------------------+--------------------+
; Freq_divider:inst4|out_pos[1..19]      ; Lost fanout        ;
; Total Number of Removed Registers = 19 ;                    ;
+----------------------------------------+--------------------+


+------------------------------------------------------+
; General Register Statistics                          ;
+----------------------------------------------+-------+
; Statistic                                    ; Value ;
+----------------------------------------------+-------+
; Total registers                              ; 4     ;
; Number of registers using Synchronous Clear  ; 0     ;
; Number of registers using Synchronous Load   ; 0     ;
; Number of registers using Asynchronous Clear ; 0     ;
; Number of registers using Asynchronous Load  ; 0     ;
; Number of registers using Clock Enable       ; 0     ;
; Number of registers using Preset             ; 0     ;
+----------------------------------------------+-------+


+------------------------------------------------------+
; Inverted Register Statistics                         ;
+--------------------------------------------+---------+
; Inverted Register                          ; Fan out ;
+--------------------------------------------+---------+
; Subtractor:inst|subtractor_v:inst|count[0] ; 10      ;
; Subtractor:inst|subtractor_v:inst|count[2] ; 8       ;
; Total number of inverted registers = 2     ;         ;
+--------------------------------------------+---------+


+-------------------------------+
; Elapsed Time Per Partition    ;
+----------------+--------------+
; Partition Name ; Elapsed Time ;
+----------------+--------------+
; Top            ; 00:00:00     ;
+----------------+--------------+


+-------------------------------+
; Analysis & Synthesis Messages ;
+-------------------------------+
Info: *******************************************************************
Info: Running Quartus II 64-Bit Analysis & Synthesis
    Info: Version 13.0.1 Build 232 06/12/2013 Service Pack 1 SJ Full Version
    Info: Processing started: Tue Mar 28 10:35:07 2023
Info: Command: quartus_map --read_settings_files=on --write_settings_files=off Homework -c Homework
Info (20030): Parallel compilation is enabled and will use 4 of the 4 processors detected
Info (12021): Found 1 design units, including 1 entities, in source file cnt_v.bdf
    Info (12023): Found entity 1: CNT_v
Info (12021): Found 1 design units, including 1 entities, in source file main.bdf
    Info (12023): Found entity 1: main
Info (12021): Found 1 design units, including 1 entities, in source file y_a.bdf
    Info (12023): Found entity 1: y_a
Info (12021): Found 1 design units, including 1 entities, in source file y_b.bdf
    Info (12023): Found entity 1: y_b
Info (12021): Found 1 design units, including 1 entities, in source file y_c.bdf
    Info (12023): Found entity 1: y_c
Info (12021): Found 1 design units, including 1 entities, in source file y_d.bdf
    Info (12023): Found entity 1: y_d
Info (12021): Found 1 design units, including 1 entities, in source file y_e.bdf
    Info (12023): Found entity 1: y_e
Info (12021): Found 1 design units, including 1 entities, in source file y_f.bdf
    Info (12023): Found entity 1: y_f
Info (12021): Found 1 design units, including 1 entities, in source file y_g.bdf
    Info (12023): Found entity 1: y_g
Info (12021): Found 1 design units, including 1 entities, in source file bcd.bdf
    Info (12023): Found entity 1: BCD
Info (12021): Found 1 design units, including 1 entities, in source file cnt.bdf
    Info (12023): Found entity 1: CNT
Info (12021): Found 1 design units, including 1 entities, in source file cnt_without_r.bdf
    Info (12023): Found entity 1: CNT_without_R
Info (12021): Found 1 design units, including 1 entities, in source file frequency_divider.bdf
    Info (12023): Found entity 1: Frequency_divider
Info (12021): Found 1 design units, including 1 entities, in source file counter_verilog.v
    Info (12023): Found entity 1: counter_verilog
Info (12021): Found 1 design units, including 1 entities, in source file freq_divider.v
    Info (12023): Found entity 1: Freq_divider
Info (12021): Found 1 design units, including 1 entities, in source file code_converter.bdf
    Info (12023): Found entity 1: Code_converter
Info (12021): Found 1 design units, including 1 entities, in source file subtractor_verilog.v
    Info (12023): Found entity 1: subtractor_v
Info (12021): Found 1 design units, including 1 entities, in source file subtractor.bdf
    Info (12023): Found entity 1: Subtractor
Info (12127): Elaborating entity "main" for the top level hierarchy
Info (12128): Elaborating entity "Subtractor" for hierarchy "Subtractor:inst"
Info (12128): Elaborating entity "subtractor_v" for hierarchy "Subtractor:inst|subtractor_v:inst"
Warning (10230): Verilog HDL assignment warning at Subtractor_verilog.v(19): truncated value with size 32 to match size of target (3)
Info (12128): Elaborating entity "Freq_divider" for hierarchy "Freq_divider:inst4"
Info (12128): Elaborating entity "BCD" for hierarchy "BCD:inst13"
Info (12128): Elaborating entity "y_a" for hierarchy "BCD:inst13|y_a:inst"
Info (12128): Elaborating entity "y_b" for hierarchy "BCD:inst13|y_b:inst1"
Info (12128): Elaborating entity "y_c" for hierarchy "BCD:inst13|y_c:inst2"
Info (12128): Elaborating entity "y_d" for hierarchy "BCD:inst13|y_d:inst3"
Info (12128): Elaborating entity "y_e" for hierarchy "BCD:inst13|y_e:inst4"
Info (12128): Elaborating entity "y_f" for hierarchy "BCD:inst13|y_f:inst5"
Info (12128): Elaborating entity "y_g" for hierarchy "BCD:inst13|y_g:inst6"
Info (12128): Elaborating entity "Code_converter" for hierarchy "Code_converter:inst1"
Warning (13024): Output pins are stuck at VCC or GND
    Warning (13410): Pin "U2_138_select" is stuck at VCC
    Warning (13410): Pin "U3_138_select" is stuck at VCC
Info (286030): Timing-Driven Synthesis is running
Info (17049): 19 registers lost all their fanouts during netlist optimizations.
Info (144001): Generated suppressed messages file D:/altera/13.0sp1/Homework/output_files/Homework.map.smsg
Info (16010): Generating hard_block partition "hard_block:auto_generated_inst"
    Info (16011): Adding 0 node(s), including 0 DDIO, 0 PLL, 0 transceiver and 0 LCELL
Info (21057): Implemented 23 device resources after synthesis - the final resource count might be different
    Info (21058): Implemented 1 input pins
    Info (21059): Implemented 12 output pins
    Info (21061): Implemented 10 logic cells
Info: Quartus II 64-Bit Analysis & Synthesis was successful. 0 errors, 4 warnings
    Info: Peak virtual memory: 4599 megabytes
    Info: Processing ended: Tue Mar 28 10:35:08 2023
    Info: Elapsed time: 00:00:01
    Info: Total CPU time (on all processors): 00:00:01


+------------------------------------------+
; Analysis & Synthesis Suppressed Messages ;
+------------------------------------------+
The suppressed messages can be found in D:/altera/13.0sp1/Homework/output_files/Homework.map.smsg.


